This is pdfTeX, Version 3.14159265-2.6-1.40.16 (TeX Live 2015/Debian) (preloaded format=pdflatex 2018.10.12)  9 NOV 2018 11:53
entering extended mode
 restricted \write18 enabled.
 %&-line parsing enabled.
**main.tex
(./main.tex
LaTeX2e <2016/02/01>
Babel <3.9q> and hyphenation patterns for 14 language(s) loaded.
(/usr/share/texlive/texmf-dist/tex/latex/amscls/amsbook.cls
Document Class: amsbook 2015/03/04 v2.20.2
\linespacing=\dimen102
\normalparindent=\dimen103
\normaltopskip=\skip41
(/usr/share/texlive/texmf-dist/tex/latex/amsmath/amsmath.sty
Package: amsmath 2016/03/03 v2.15a AMS math features
\@mathmargin=\skip42

For additional information on amsmath, use the `?' option.
(/usr/share/texlive/texmf-dist/tex/latex/amsmath/amstext.sty
Package: amstext 2000/06/29 v2.01 AMS text

(/usr/share/texlive/texmf-dist/tex/latex/amsmath/amsgen.sty
File: amsgen.sty 1999/11/30 v2.0 generic functions
\@emptytoks=\toks14
\ex@=\dimen104
))
(/usr/share/texlive/texmf-dist/tex/latex/amsmath/amsbsy.sty
Package: amsbsy 1999/11/29 v1.2d Bold Symbols
\pmbraise@=\dimen105
)
(/usr/share/texlive/texmf-dist/tex/latex/amsmath/amsopn.sty
Package: amsopn 1999/12/14 v2.01 operator names
)
\inf@bad=\count79
LaTeX Info: Redefining \frac on input line 199.
\uproot@=\count80
\leftroot@=\count81
LaTeX Info: Redefining \overline on input line 297.
\classnum@=\count82
\DOTSCASE@=\count83
LaTeX Info: Redefining \ldots on input line 394.
LaTeX Info: Redefining \dots on input line 397.
LaTeX Info: Redefining \cdots on input line 518.
\Mathstrutbox@=\box26
\strutbox@=\box27
\big@size=\dimen106
LaTeX Font Info:    Redeclaring font encoding OML on input line 630.
LaTeX Font Info:    Redeclaring font encoding OMS on input line 631.
\macc@depth=\count84
\c@MaxMatrixCols=\count85
\dotsspace@=\muskip10
\c@parentequation=\count86
\dspbrk@lvl=\count87
\tag@help=\toks15
\row@=\count88
\column@=\count89
\maxfields@=\count90
\andhelp@=\toks16
\eqnshift@=\dimen107
\alignsep@=\dimen108
\tagshift@=\dimen109
\tagwidth@=\dimen110
\totwidth@=\dimen111
\lineht@=\dimen112
\@envbody=\toks17
\multlinegap=\skip43
\multlinetaggap=\skip44
\mathdisplay@stack=\toks18
LaTeX Info: Redefining \[ on input line 2735.
LaTeX Info: Redefining \] on input line 2736.
)
LaTeX Font Info:    Try loading font information for U+msa on input line 367.

(/usr/share/texlive/texmf-dist/tex/latex/amsfonts/umsa.fd
File: umsa.fd 2013/01/14 v3.01 AMS symbols A
)
(/usr/share/texlive/texmf-dist/tex/latex/amsfonts/amsfonts.sty
Package: amsfonts 2013/01/14 v3.01 Basic AMSFonts support
\symAMSa=\mathgroup4
\symAMSb=\mathgroup5
LaTeX Font Info:    Overwriting math alphabet `\mathfrak' in version `bold'
(Font)                  U/euf/m/n --> U/euf/b/n on input line 106.
)
\copyins=\insert199
\abstractbox=\box28
\listisep=\skip45
\c@part=\count91
\c@chapter=\count92
\c@section=\count93
\c@subsection=\count94
\c@subsubsection=\count95
\c@paragraph=\count96
\c@subparagraph=\count97
\c@figure=\count98
\c@table=\count99
\abovecaptionskip=\skip46
\belowcaptionskip=\skip47
\captionindent=\dimen113
\thm@style=\toks19
\thm@bodyfont=\toks20
\thm@headfont=\toks21
\thm@notefont=\toks22
\thm@headpunct=\toks23
\thm@preskip=\skip48
\thm@postskip=\skip49
\thm@headsep=\skip50
\dth@everypar=\toks24
)
(/usr/share/texlive/texmf-dist/tex/generic/babel/babel.sty
Package: babel 2016/02/24 3.9q The Babel package

(/usr/share/texlive/texmf-dist/tex/generic/babel-english/english.ldf
Language: english 2012/08/20 v3.3p English support from the babel system

(/usr/share/texlive/texmf-dist/tex/generic/babel/babel.def
File: babel.def 2016/02/24 3.9q Babel common definitions
\babel@savecnt=\count100
\U@D=\dimen114
)
\l@canadian = a dialect from \language\l@american 
\l@australian = a dialect from \language\l@british 
\l@newzealand = a dialect from \language\l@british 
))
(/usr/share/texlive/texmf-dist/tex/latex/tools/enumerate.sty
Package: enumerate 2015/07/23 v3.00 enumerate extensions (DPC)
\@enLab=\toks25
)
(/usr/share/texlive/texmf-dist/tex/latex/amsfonts/amssymb.sty
Package: amssymb 2013/01/14 v3.01 AMS font symbols
)
(/usr/share/texlive/texmf-dist/tex/latex/jknapltx/mathrsfs.sty
Package: mathrsfs 1996/01/01 Math RSFS package v1.0 (jk)
\symrsfs=\mathgroup6
)
(/usr/share/texlive/texmf-dist/tex/latex/esint/esint.sty
Package: esint 
\symlargesymbolsA=\mathgroup7
)
(/usr/share/texlive/texmf-dist/tex/latex/graphics/color.sty
Package: color 2016/01/03 v1.1b Standard LaTeX Color (DPC)

(/usr/share/texlive/texmf-dist/tex/latex/latexconfig/color.cfg
File: color.cfg 2007/01/18 v1.5 color configuration of teTeX/TeXLive
)
Package color Info: Driver file: pdftex.def on input line 143.

(/usr/share/texlive/texmf-dist/tex/latex/pdftex-def/pdftex.def
File: pdftex.def 2011/05/27 v0.06d Graphics/color for pdfTeX

(/usr/share/texlive/texmf-dist/tex/generic/oberdiek/infwarerr.sty
Package: infwarerr 2010/04/08 v1.3 Providing info/warning/error messages (HO)
)
(/usr/share/texlive/texmf-dist/tex/generic/oberdiek/ltxcmds.sty
Package: ltxcmds 2011/11/09 v1.22 LaTeX kernel commands for general use (HO)
)
\Gread@gobject=\count101
))
\c@thm=\count102
 (./main.aux
(./intro.aux) (./prelims.aux) (./examples.aux) (./heat.aux) (./zeta.aux)
(./appendix.aux) (./biblio.aux))
\openout1 = `main.aux'.

LaTeX Font Info:    Checking defaults for OML/cmm/m/it on input line 36.
LaTeX Font Info:    ... okay on input line 36.
LaTeX Font Info:    Checking defaults for T1/cmr/m/n on input line 36.
LaTeX Font Info:    ... okay on input line 36.
LaTeX Font Info:    Checking defaults for OT1/cmr/m/n on input line 36.
LaTeX Font Info:    ... okay on input line 36.
LaTeX Font Info:    Checking defaults for OMS/cmsy/m/n on input line 36.
LaTeX Font Info:    ... okay on input line 36.
LaTeX Font Info:    Checking defaults for OMX/cmex/m/n on input line 36.
LaTeX Font Info:    ... okay on input line 36.
LaTeX Font Info:    Checking defaults for U/cmr/m/n on input line 36.
LaTeX Font Info:    ... okay on input line 36.
LaTeX Font Info:    Try loading font information for U+msa on input line 36.

(/usr/share/texlive/texmf-dist/tex/latex/amsfonts/umsa.fd
File: umsa.fd 2013/01/14 v3.01 AMS symbols A
)
LaTeX Font Info:    Try loading font information for U+msb on input line 36.

(/usr/share/texlive/texmf-dist/tex/latex/amsfonts/umsb.fd
File: umsb.fd 2013/01/14 v3.01 AMS symbols B
)
LaTeX Font Info:    Try loading font information for U+rsfs on input line 36.

(/usr/share/texlive/texmf-dist/tex/latex/jknapltx/ursfs.fd
File: ursfs.fd 1998/03/24 rsfs font definition file (jk)
)
LaTeX Font Info:    Try loading font information for U+esint on input line 36.

(/usr/share/texlive/texmf-dist/tex/latex/esint/uesint.fd
File: uesint.fd 
)
(/usr/share/texlive/texmf-dist/tex/context/base/supp-pdf.mkii
[Loading MPS to PDF converter (version 2006.09.02).]
\scratchcounter=\count103
\scratchdimen=\dimen115
\scratchbox=\box29
\nofMPsegments=\count104
\nofMParguments=\count105
\everyMPshowfont=\toks26
\MPscratchCnt=\count106
\MPscratchDim=\dimen116
\MPnumerator=\count107
\makeMPintoPDFobject=\count108
\everyMPtoPDFconversion=\toks27
) [1




{/var/lib/texmf/fonts/map/pdftex/updmap/pdftex.map}] [2]
Contents
(./main.toc [3


])
\tf@toc=\write3
\openout3 = `main.toc'.

 [4]
\openout2 = `intro.aux'.

 (./intro.tex
Chapter 1
[1





] [2] [3] [4] [5]) [6]
\openout2 = `prelims.aux'.

 (./prelims.tex
Chapter 2
[7




] [8] [9] [10] [11] [12] [13] [14] [15] [16] [17]
Overfull \hbox (8.52481pt too wide) in paragraph at lines 582--582
[] 
 []

[18] [19] [20]
Overfull \hbox (10.24341pt too wide) in paragraph at lines 732--735
[]\OT1/cmr/m/n/10 According to the pre-ced-ing lemma, if $\OML/cmm/m/it/10 a \O
T1/cmr/m/n/10 : \U/msb/m/n/10 R \OMS/cmsy/m/n/10 ! L[]$ \OT1/cmr/m/n/10 is con-
tin-u-ous and $[][] \OMS/cmsy/m/n/10 k\OML/cmm/m/it/10 a\OT1/cmr/m/n/10 (\OML/c
mm/m/it/10 s\OT1/cmr/m/n/10 )\OMS/cmsy/m/n/10 k[] \OML/cmm/m/it/10 ds <
 []

[21] [22] [23]) [24]
\openout2 = `examples.aux'.

 (./examples.tex
Chapter 3
[25




]
Overfull \hbox (8.30873pt too wide) in paragraph at lines 51--53
[]\OT1/cmr/m/n/10 The sec-ond pair of in-clu-sions fol-low from Hy-poth-e-sis 1
.2.1[].[]: we have $\OML/cmm/m/it/10 ^^N[]\OT1/cmr/m/n/10 (\OML/cmm/m/it/10 a\O
T1/cmr/m/n/10 )(\OML/cmm/m/it/10 D \OT1/cmr/m/n/10 +
 []

[26] [27] [28] [29] [30] [31] [32] [33] [34]
Overfull \hbox (5.54572pt too wide) in paragraph at lines 494--496
\OT1/cmr/m/n/10 By Hy-poth-e-sis 3.2.7[], each sum-mand above is $\OML/cmm/m/it
/10 O\OT1/cmr/m/n/10 (\OML/cmm/m/it/10 ^^U[]\OT1/cmr/m/n/10 )$. Hence $\OMS/cms
y/m/n/10 k\OML/cmm/m/it/10 ^^N[]\OT1/cmr/m/n/10 (\OML/cmm/m/it/10 a\OT1/cmr/m/n
/10 )(\OML/cmm/m/it/10 D \OT1/cmr/m/n/10 + \OML/cmm/m/it/10 i^^U\OT1/cmr/m/n/10
 )[]\OMS/cmsy/m/n/10 k[] \OT1/cmr/m/n/10 =
 []

[35] [36]
Overfull \hbox (3.12773pt too wide) in paragraph at lines 576--579
 \OT1/cmr/bx/n/10 3.3.1.Definitions for Non-com-mu-ta-tive Eu-clidean spaces.[]
 \OT1/cmr/m/n/10 Our ap-proach
 []

[37] [38]
Overfull \hbox (1.64674pt too wide) in paragraph at lines 713--715
 \OT1/cmr/bx/n/10 3.3.2.Verification of Hy-poth-e-sis 1.2.1[] for Non-com-mu-ta
-tive Eu-clidean
 []

[39]
Overfull \hbox (5.44191pt too wide) in paragraph at lines 776--778
\OT1/cmr/m/n/10 By as-sump-tion, (the bounded ex-ten-sions of) $[\OML/cmm/m/it/
10 D[]; x\OT1/cmr/m/n/10 ]$ and $[\OML/cmm/m/it/10 D[]; \OT1/cmr/m/n/10 [\OML/c
mm/m/it/10 D[]; x\OT1/cmr/m/n/10 ]]$ are in $\OML/cmm/m/it/10 W[]\OT1/cmr/m/n/1
0 (\U/msb/m/n/10 R[]\OT1/cmr/m/n/10 )$
 []

[40] [41] [42] [43]
Overfull \hbox (19.63283pt too wide) in paragraph at lines 957--960
[]\OT1/cmr/m/n/10 The met-ric $\OML/cmm/m/it/10 ^^W[]$ \OT1/cmr/m/n/10 cor-re-s
pond-ing to $\OML/cmm/m/it/10 g$ \OT1/cmr/m/n/10 has Radon-Nikodym de-riv-a-tiv
e $[]$
 []

[44] [45]
Overfull \hbox (6.07925pt too wide) in paragraph at lines 1093--1095
\OT1/cmr/m/n/10 By con-struc-tion, $\OML/cmm/m/it/10 V$ \OT1/cmr/m/n/10 in-duce
s an isom-e-try from $\OML/cmm/m/it/10 L[]\OT1/cmr/m/n/10 
([](\OML/cmm/m/it/10  []\OT1/cmr/m/n/10 )\OML/cmm/m/it/10 ; g\OT1/cmr/m/n/10 ) 
\OMS/cmsy/m/n/10 ! \OML/cmm/m/it/10 L[]\OT1/cmr/m/n/10 
([](\OML/cmm/m/it/10 ^^^[]\OT1/cmr/m/n/10 )\OML/cmm/m/it/10 ; g[]\OT1/cmr/m/n/1
0 )$,
 []

[46]
Overfull \hbox (31.79443pt too wide) in paragraph at lines 1194--1194
[] 
 []

[47]) [48]
\openout2 = `heat.aux'.

 (./heat.tex
Chapter 4
[49




] [50] [51]
Overfull \hbox (10.65533pt too wide) detected at line 195
\OT1/cmr/m/n/10 (\OMS/cmsy/m/n/10 R[]\OT1/cmr/m/n/10 (\OML/cmm/m/it/10 c\OT1/cm
r/m/n/10 ) \OMS/cmsy/m/n/10 ^^@ \OT1/cmr/m/n/10 (\OMS/cmsy/m/n/10 ^^@\OT1/cmr/m
/n/10 1)[]\OMS/cmsy/m/n/10 P[]\OT1/cmr/m/n/10 (\OML/cmm/m/it/10 c\OT1/cmr/m/n/1
0 )\OML/cmm/m/it/10 F[]\OT1/cmr/m/n/10 )\OMS/cmsy/m/n/10 j\OML/cmm/m/it/10 D\OM
S/cmsy/m/n/10 j \OT1/cmr/m/n/10 = (\OMS/cmsy/m/n/10 R[]\OT1/cmr/m/n/10 (\OML/cm
m/m/it/10 c[]\OT1/cmr/m/n/10 )\OML/cmm/m/it/10 F^^N\OT1/cmr/m/n/10 (\OML/cmm/m/
it/10 a[]\OT1/cmr/m/n/10 ) \OMS/cmsy/m/n/10 ^^@ \OT1/cmr/m/n/10 (\OMS/cmsy/m/n/
10 ^^@\OT1/cmr/m/n/10 1)[]\OMS/cmsy/m/n/10 P[]\OT1/cmr/m/n/10 (\OML/cmm/m/it/10
 c[]\OT1/cmr/m/n/10 )\OML/cmm/m/it/10 ^^N\OT1/cmr/m/n/10 (\OML/cmm/m/it/10 a[]\
OT1/cmr/m/n/10 )\OML/cmm/m/it/10 F[]\OT1/cmr/m/n/10 )\OMS/cmsy/m/n/10 j\OML/cmm
/m/it/10 D\OMS/cmsy/m/n/10 j \OT1/cmr/m/n/10 =
 []

[52]
Overfull \hbox (6.70134pt too wide) detected at line 225
\OT1/cmr/m/n/10 (\OMS/cmsy/m/n/10 R[]\OT1/cmr/m/n/10 (\OML/cmm/m/it/10 c\OT1/cm
r/m/n/10 ) \OMS/cmsy/m/n/10 ^^@ \OT1/cmr/m/n/10 (\OMS/cmsy/m/n/10 ^^@\OT1/cmr/m
/n/10 1)[]\OMS/cmsy/m/n/10 P[]\OT1/cmr/m/n/10 (\OML/cmm/m/it/10 c\OT1/cmr/m/n/1
0 )\OML/cmm/m/it/10 F[]\OT1/cmr/m/n/10 )\OMS/cmsy/m/n/10 j\OML/cmm/m/it/10 D\OM
S/cmsy/m/n/10 j \OT1/cmr/m/n/10 = (\OMS/cmsy/m/n/10 R[]\OT1/cmr/m/n/10 (\OML/cm
m/m/it/10 c[]\OT1/cmr/m/n/10 )\OML/cmm/m/it/10 L\OT1/cmr/m/n/10 (\OML/cmm/m/it/
10 a[]\OT1/cmr/m/n/10 ) \OMS/cmsy/m/n/10 ^^@ \OT1/cmr/m/n/10 (\OMS/cmsy/m/n/10 
^^@\OT1/cmr/m/n/10 1)[]\OMS/cmsy/m/n/10 P[]\OT1/cmr/m/n/10 (\OML/cmm/m/it/10 c[
]\OT1/cmr/m/n/10 )\OML/cmm/m/it/10 L\OT1/cmr/m/n/10 (\OML/cmm/m/it/10 a[]\OT1/c
mr/m/n/10 )\OML/cmm/m/it/10 F[]\OT1/cmr/m/n/10 )\OMS/cmsy/m/n/10 j\OML/cmm/m/it
/10 D\OMS/cmsy/m/n/10 j\OML/cmm/m/it/10 :
 []


Overfull \hbox (30.04456pt too wide) in paragraph at lines 235--235
[] 
 []

[53]
Overfull \hbox (34.92146pt too wide) in paragraph at lines 286--286
[] 
 []


Overfull \hbox (4.3974pt too wide) in paragraph at lines 291--293
\OT1/cmr/m/n/10 has bounded ex-ten-sion. So by the in-duc-tive hy-poth-e-sis, $
(\OMS/cmsy/m/n/10 P[]\OT1/cmr/m/n/10 (\OML/cmm/m/it/10 c\OT1/cmr/m/n/10 ) \OMS/
cmsy/m/n/10 ^^@ W[]\OT1/cmr/m/n/10 (\OML/cmm/m/it/10 c\OT1/cmr/m/n/10 )\OMS/cms
y/m/n/10 j\OML/cmm/m/it/10 D\OMS/cmsy/m/n/10 j[]\OT1/cmr/m/n/10 )\OMS/cmsy/m/n/
10 j\OML/cmm/m/it/10 D\OMS/cmsy/m/n/10 j$
 []


Overfull \hbox (47.60902pt too wide) in paragraph at lines 311--311
[] 
 []

[54]
Overfull \hbox (3.19861pt too wide) in paragraph at lines 386--386
[] 
 []

[55]
Overfull \hbox (3.907pt too wide) in paragraph at lines 391--391
[] 
 []


Overfull \hbox (10.28851pt too wide) detected at line 408
[][] \OMS/cmsy/m/n/10 ^^T []\OML/cmm/m/it/10 s[]\OMS/cmsy/m/n/10 k[]k[] ^^A []
 []


Overfull \hbox (3.7249pt too wide) detected at line 417
\OT1/cmr/m/n/10 [\OML/cmm/m/it/10 h\OT1/cmr/m/n/10 (\OML/cmm/m/it/10 s\OMS/cmsy
/m/n/10 j\OML/cmm/m/it/10 D\OMS/cmsy/m/n/10 j\OT1/cmr/m/n/10 )\OML/cmm/m/it/10 
; x\OT1/cmr/m/n/10 ] \OMS/cmsy/m/n/10 ^^@ \OML/cmm/m/it/10 s^^N\OT1/cmr/m/n/10 
(\OML/cmm/m/it/10 x\OT1/cmr/m/n/10 )\OML/cmm/m/it/10 h[]\OT1/cmr/m/n/10 (\OML/c
mm/m/it/10 s\OMS/cmsy/m/n/10 j\OML/cmm/m/it/10 D\OMS/cmsy/m/n/10 j\OT1/cmr/m/n/
10 ) = \OMS/cmsy/m/n/10 ^^@\OML/cmm/m/it/10 s[] [][] [][] []\OT1/cmr/m/n/10 (\O
ML/cmm/m/it/10 u\OT1/cmr/m/n/10 )(1 \OMS/cmsy/m/n/10 ^^@ \OML/cmm/m/it/10 v\OT1
/cmr/m/n/10 )\OML/cmm/m/it/10 e[]^^N[]\OT1/cmr/m/n/10 (\OML/cmm/m/it/10 x\OT1/c
mr/m/n/10 )\OML/cmm/m/it/10 e[] dvdu:
 []

[56] [57]
Overfull \hbox (2.73773pt too wide) detected at line 522
[][] \OMS/cmsy/m/n/10 ^^T []\OML/cmm/m/it/10 s[]\OMS/cmsy/m/n/10 k[]k[]\OT1/cmr
/m/n/10 (\OMS/cmsy/m/n/10 k\OML/cmm/m/it/10 ^^N[]\OT1/cmr/m/n/10 (\OML/cmm/m/it
/10 a\OT1/cmr/m/n/10 )\OML/cmm/m/it/10 h\OT1/cmr/m/n/10 (\OML/cmm/m/it/10 s\OMS
/cmsy/m/n/10 j\OML/cmm/m/it/10 D\OMS/cmsy/m/n/10 j\OT1/cmr/m/n/10 )\OMS/cmsy/m/
n/10 k[] \OT1/cmr/m/n/10 + \OMS/cmsy/m/n/10 k\OML/cmm/m/it/10 h\OT1/cmr/m/n/10 
(\OML/cmm/m/it/10 s\OMS/cmsy/m/n/10 j\OML/cmm/m/it/10 D\OMS/cmsy/m/n/10 j\OT1/c
mr/m/n/10 )\OML/cmm/m/it/10 ^^N[]\OT1/cmr/m/n/10 (\OML/cmm/m/it/10 a\OT1/cmr/m/
n/10 )\OMS/cmsy/m/n/10 k[]\OT1/cmr/m/n/10 )\OML/cmm/m/it/10 :
 []

[58] [59]
Overfull \hbox (14.10748pt too wide) detected at line 636
\OML/cmm/m/it/10 ^^R[]\OT1/cmr/m/n/10 (\OML/cmm/m/it/10 a[] \OMS/cmsy/m/n/10 
 [] 
 \OML/cmm/m/it/10 a[]\OT1/cmr/m/n/10 ) = [] []
 []

[60]
Overfull \hbox (28.89655pt too wide) in paragraph at lines 642--642
[] 
 []


Overfull \hbox (33.19714pt too wide) detected at line 675
\OML/cmm/m/it/10 ^^R[]\OT1/cmr/m/n/10 (\OML/cmm/m/it/10 a[] \OMS/cmsy/m/n/10 
 [] 
 \OML/cmm/m/it/10 a[]\OT1/cmr/m/n/10 ) = [] [] \OML/cmm/m/it/10 :
 []


Overfull \hbox (35.76399pt too wide) in paragraph at lines 682--682
[] 
 []

[61] [62] [63]
Overfull \hbox (11.26917pt too wide) detected at line 821
[]\OT1/cmr/m/n/10 (
(\OML/cmm/m/it/10 c\OT1/cmr/m/n/10 )\OMS/cmsy/m/n/10 j\OML/cmm/m/it/10 D\OMS/cm
sy/m/n/10 j[]\OML/cmm/m/it/10 e[]\OT1/cmr/m/n/10 ) = [](\OMS/cmsy/m/n/10 ^^@\OT
1/cmr/m/n/10 1)[][](\OMS/cmsy/m/n/10 W[]\OT1/cmr/m/n/10 (\OML/cmm/m/it/10 c\OT1
/cmr/m/n/10 )\OML/cmm/m/it/10 D[]e[]\OT1/cmr/m/n/10 ) + \OML/cmm/m/it/10 O\OT1/
cmr/m/n/10 (\OML/cmm/m/it/10 s[]\OT1/cmr/m/n/10 )\OML/cmm/m/it/10 ;  s \OMS/cms
y/m/n/10 # \OT1/cmr/m/n/10 0\OML/cmm/m/it/10 :
 []

[64] [65] [66] [67] [68] [69]
Overfull \hbox (11.57115pt too wide) in paragraph at lines 1116--1119
\OT1/cmr/m/n/10 For a ten-sor $\OML/cmm/m/it/10 c \OMS/cmsy/m/n/10 2 A[]$\OT1/c
mr/m/n/10 , we de-note $\OML/cmm/m/it/10 ^^Y\OT1/cmr/m/n/10 (\OML/cmm/m/it/10 c
\OT1/cmr/m/n/10 )$ for the cor-re-spond-ing el-e-ment of $(\OML/cmm/m/it/10 ^^Y
\OT1/cmr/m/n/10 (\OMS/cmsy/m/n/10 A\OT1/cmr/m/n/10 ))[]$
 []

[70]
Overfull \hbox (39.70609pt too wide) in paragraph at lines 1159--1159
[] 
 []

[71]
Overfull \hbox (1.11911pt too wide) in paragraph at lines 1214--1215
[]\OT1/cmr/m/n/10 We note that since $\OML/cmm/m/it/10 ^^Y$ \OT1/cmr/m/n/10 is 
an al-ge-bra ho-mo-mor-phism, if $\OML/cmm/m/it/10 c \OMS/cmsy/m/n/10 2 A[]$ \O
T1/cmr/m/n/10 is a Hochschild
 []


Overfull \hbox (6.1812pt too wide) in paragraph at lines 1222--1224
[]\OT1/cmr/m/n/10 A com-bi-na-tion of The-o-rems 4.3.1[] and 4.4.2[] (if the pa
r-i-ties of $\OML/cmm/m/it/10 p$ \OT1/cmr/m/n/10 and $(\OML/cmm/m/it/10 ^^Y\OT1
/cmr/m/n/10 (\OMS/cmsy/m/n/10 A\OT1/cmr/m/n/10 )\OML/cmm/m/it/10 ; H[]; D[]\OT1
/cmr/m/n/10 )$
 []

[72] [73]) [74]
\openout2 = `zeta.aux'.

 (./zeta.tex
Chapter 5
[75




] [76] [77]
Overfull \hbox (4.17143pt too wide) in paragraph at lines 201--203
\OT1/cmr/m/n/10 So in both cases, since $\OMS/cmsy/m/n/10 <\OT1/cmr/m/n/10 (\OM
L/cmm/m/it/10 z\OT1/cmr/m/n/10 ) \OML/cmm/m/it/10 > \OT1/cmr/m/n/10 2$, the fun
c-tion $\OML/cmm/m/it/10 s \OMS/cmsy/m/n/10 7! k\OML/cmm/m/it/10 s[]\OT1/cmr/m/
n/10 
(\OML/cmm/m/it/10 c\OT1/cmr/m/n/10 )(1 + \OML/cmm/m/it/10 D[]\OT1/cmr/m/n/10 )[
]\OML/cmm/m/it/10 e[]\OMS/cmsy/m/n/10 k[]$
 []

[78] [79] [80] [81] [82]
Overfull \hbox (23.23743pt too wide) in paragraph at lines 519--519
[] 
 []


Overfull \hbox (12.34268pt too wide) in paragraph at lines 526--526
[] 
 []


Overfull \hbox (15.89139pt too wide) detected at line 530
[] \OML/cmm/m/it/10 Y[] \OT1/cmr/m/n/10 = \OML/cmm/m/it/10 B[]\OT1/cmr/m/n/10 [
\OML/cmm/m/it/10 BA[]; A[]\OT1/cmr/m/n/10 ]\OML/cmm/m/it/10 Y[] \OT1/cmr/m/n/10
 + \OML/cmm/m/it/10 B[]\OT1/cmr/m/n/10 [\OML/cmm/m/it/10 BA[]; A[]\OT1/cmr/m/n/
10 ]\OML/cmm/m/it/10 Y[]:
 []

[83] [84] [85] [86] [87] [88] [89] [90] [91] [92] [93]
Overfull \hbox (15.72581pt too wide) in paragraph at lines 1074--1074
[] 
 []

[94] [95]
Overfull \hbox (18.73444pt too wide) in paragraph at lines 1171--1171
[] 
 []

[96]
Overfull \hbox (2.80049pt too wide) in paragraph at lines 1195--1201
[]\OT1/cmr/m/n/10 For the $\OML/cmm/m/it/10 F[]$ \OT1/cmr/m/n/10 term, we use L
emma 5.4.7[].[]: the map-ping $\OML/cmm/m/it/10 z \OMS/cmsy/m/n/10 ! \OML/cmm/m
/it/10 XF[]\OT1/cmr/m/n/10 (\OML/cmm/m/it/10 z\OT1/cmr/m/n/10 )$ is $\OMS/cmsy/
m/n/10 L[]^^@$\OT1/cmr/m/n/10 valued
 []

[97] [98]
Overfull \hbox (27.45988pt too wide) in paragraph at lines 1298--1298
[] 
 []

[99] [100] [101] [102] [103] [104] [105] [106] [107] [108] [109] [110])
[111]
\openout2 = `appendix.aux'.

 (./appendix.tex [112




]
Appendix A
[113] [114]
Overfull \hbox (20.493pt too wide) in paragraph at lines 109--109
[] 
 []

[115] [116]
Overfull \hbox (65.65387pt too wide) detected at line 224
\OMS/cmsy/m/n/10 j\OML/cmm/m/it/10 D\OMS/cmsy/m/n/10 j[]\OML/cmm/m/it/10 x\OT1/
cmr/m/n/10 (1 \OMS/cmsy/m/n/10 ^^@ \OML/cmm/m/it/10 e[]\OT1/cmr/m/n/10 ) = \OML
/cmm/m/it/10 x\OMS/cmsy/m/n/10 j\OML/cmm/m/it/10 D\OMS/cmsy/m/n/10 j[]\OT1/cmr/
m/n/10 (1 \OMS/cmsy/m/n/10 ^^@ \OML/cmm/m/it/10 e[]\OT1/cmr/m/n/10 ) \OMS/cmsy/
m/n/10 ^^@ [] []j\OML/cmm/m/it/10 D\OMS/cmsy/m/n/10 j[]\OML/cmm/m/it/10 ^^N[]\O
T1/cmr/m/n/10 (\OML/cmm/m/it/10 x\OT1/cmr/m/n/10 )\OMS/cmsy/m/n/10 j\OML/cmm/m/
it/10 D\OMS/cmsy/m/n/10 j[]\OT1/cmr/m/n/10 (1 \OMS/cmsy/m/n/10 ^^@ \OML/cmm/m/i
t/10 e[]\OT1/cmr/m/n/10 )
 []

[117]
Overfull \hbox (39.3789pt too wide) detected at line 292
\OML/cmm/m/it/10 p[] [][] []\OT1/cmr/m/n/10 (\OML/cmm/m/it/10 it\OT1/cmr/m/n/10
 (1 \OMS/cmsy/m/n/10 ^^@ \OML/cmm/m/it/10 v\OT1/cmr/m/n/10 )\OMS/cmsy/m/n/10 j\
OML/cmm/m/it/10 D\OMS/cmsy/m/n/10 j\OT1/cmr/m/n/10 )\OML/cmm/m/it/10 ^^N\OT1/cm
r/m/n/10 (\OML/cmm/m/it/10 x\OT1/cmr/m/n/10 ) [](\OML/cmm/m/it/10 itv\OMS/cmsy/
m/n/10 j\OML/cmm/m/it/10 D\OMS/cmsy/m/n/10 j\OT1/cmr/m/n/10 ) \OML/cmm/m/it/10 
dv \OMS/cmsy/m/n/10 ^^A \OML/cmm/m/it/10 p[] \OT1/cmr/m/n/10 = [][] \OML/cmm/m/
it/10 p[] []\OT1/cmr/m/n/10 (\OML/cmm/m/it/10 it\OT1/cmr/m/n/10 (1 \OMS/cmsy/m/
n/10 ^^@ \OML/cmm/m/it/10 v\OT1/cmr/m/n/10 )\OMS/cmsy/m/n/10 j\OML/cmm/m/it/10 
D\OMS/cmsy/m/n/10 j\OT1/cmr/m/n/10 )\OML/cmm/m/it/10 ^^N\OT1/cmr/m/n/10 (\OML/c
mm/m/it/10 x\OT1/cmr/m/n/10 ) [](\OML/cmm/m/it/10 itv\OMS/cmsy/m/n/10 j\OML/cmm
/m/it/10 D\OMS/cmsy/m/n/10 j\OT1/cmr/m/n/10 )\OML/cmm/m/it/10 p[] dv:
 []

[118]
Overfull \hbox (23.52356pt too wide) detected at line 334
\OT1/cmr/m/n/10 [\OML/cmm/m/it/10 f\OT1/cmr/m/n/10 (\OML/cmm/m/it/10 s\OMS/cmsy
/m/n/10 j\OML/cmm/m/it/10 D\OMS/cmsy/m/n/10 j\OT1/cmr/m/n/10 )\OML/cmm/m/it/10 
; x\OT1/cmr/m/n/10 ] \OMS/cmsy/m/n/10 ^^@ \OML/cmm/m/it/10 sf[]\OT1/cmr/m/n/10 
(\OML/cmm/m/it/10 s\OMS/cmsy/m/n/10 j\OML/cmm/m/it/10 D\OMS/cmsy/m/n/10 j\OT1/c
mr/m/n/10 )\OML/cmm/m/it/10 ^^N\OT1/cmr/m/n/10 (\OML/cmm/m/it/10 x\OT1/cmr/m/n/
10 ) = \OMS/cmsy/m/n/10 ^^@\OML/cmm/m/it/10 s[] [][] [] du:
 []


Overfull \hbox (23.52356pt too wide) detected at line 335
\OT1/cmr/m/n/10 [\OML/cmm/m/it/10 f\OT1/cmr/m/n/10 (\OML/cmm/m/it/10 s\OMS/cmsy
/m/n/10 j\OML/cmm/m/it/10 D\OMS/cmsy/m/n/10 j\OT1/cmr/m/n/10 )\OML/cmm/m/it/10 
; x\OT1/cmr/m/n/10 ] \OMS/cmsy/m/n/10 ^^@ \OML/cmm/m/it/10 s^^N\OT1/cmr/m/n/10 
(\OML/cmm/m/it/10 x\OT1/cmr/m/n/10 )\OML/cmm/m/it/10 f[]\OT1/cmr/m/n/10 (\OML/c
mm/m/it/10 s\OMS/cmsy/m/n/10 j\OML/cmm/m/it/10 D\OMS/cmsy/m/n/10 j\OT1/cmr/m/n/
10 ) = \OMS/cmsy/m/n/10 ^^@\OML/cmm/m/it/10 s[] [][] [] du:
 []

[119]
Overfull \hbox (43.62497pt too wide) in paragraph at lines 352--352
[] 
 []


Overfull \hbox (50.08955pt too wide) detected at line 361
\OT1/cmr/m/n/10 [\OML/cmm/m/it/10 f\OT1/cmr/m/n/10 (\OML/cmm/m/it/10 s\OMS/cmsy
/m/n/10 j\OML/cmm/m/it/10 D\OMS/cmsy/m/n/10 j\OT1/cmr/m/n/10 )\OML/cmm/m/it/10 
; x\OT1/cmr/m/n/10 ] \OMS/cmsy/m/n/10 ^^@ \OML/cmm/m/it/10 sf[]\OT1/cmr/m/n/10 
(\OML/cmm/m/it/10 s\OMS/cmsy/m/n/10 j\OML/cmm/m/it/10 D\OMS/cmsy/m/n/10 j\OT1/c
mr/m/n/10 )\OML/cmm/m/it/10 ^^N\OT1/cmr/m/n/10 (\OML/cmm/m/it/10 x\OT1/cmr/m/n/
10 ) = \OMS/cmsy/m/n/10 ^^@\OML/cmm/m/it/10 s[] [][] [] [][] [] [][] []\OT1/cmr
/m/n/10 (\OML/cmm/m/it/10 u\OT1/cmr/m/n/10 )\OML/cmm/m/it/10 ve[]^^N[]\OT1/cmr/
m/n/10 (\OML/cmm/m/it/10 x\OT1/cmr/m/n/10 )\OML/cmm/m/it/10 e[]dw[]dv[]du:
 []


Overfull \hbox (2.48663pt too wide) in paragraph at lines 375--375
[] 
 []

[120]
Overfull \hbox (11.12802pt too wide) in paragraph at lines 391--391
[] 
 []

[121]
Overfull \hbox (39.85814pt too wide) in paragraph at lines 459--459
[] 
 []


Overfull \hbox (26.75284pt too wide) in paragraph at lines 468--468
[] 
 []


Overfull \hbox (48.02141pt too wide) in paragraph at lines 483--483
[] 
 []


Overfull \hbox (49.78998pt too wide) in paragraph at lines 492--492
[] 
 []


Underfull \vbox (badness 4036) has occurred while \output is active []

 [122]
Overfull \hbox (19.32329pt too wide) in paragraph at lines 514--514
[] 
 []

[123] [124]
Overfull \hbox (32.25362pt too wide) in paragraph at lines 575--575
[] 
 []


Overfull \hbox (44.4758pt too wide) in paragraph at lines 580--580
[] 
 []

[125] [126] [127]
Overfull \hbox (5.8687pt too wide) in paragraph at lines 721--721
[] 
 []

[128] [129] [130] [131] [132]) [133] [134



]
\openout2 = `biblio.aux'.

 (./biblio.tex
Bibliography
Missing character: There is no â in font cmr8!
Missing character: There is no € in font cmr8!
Missing character: There is no “ in font cmr8!

Underfull \vbox (badness 10000) has occurred while \output is active []

 [135



]
Missing character: There is no Ã in font cmr8!
Missing character: There is no ¤ in font cmr8!

Underfull \vbox (badness 10000) has occurred while \output is active []

 [136]
Missing character: There is no â in font cmr8!
Missing character: There is no € in font cmr8!
Missing character: There is no “ in font cmr8!
Missing character: There is no â in font cmr8!
Missing character: There is no € in font cmr8!
Missing character: There is no “ in font cmr8!
)
[137] (./main.aux (./intro.aux) (./prelims.aux) (./examples.aux) (./heat.aux)
(./zeta.aux) (./appendix.aux) (./biblio.aux)) ) 
Here is how much of TeX's memory you used:
 3288 strings out of 494376
 41251 string characters out of 6171134
 110087 words of memory out of 5000000
 6366 multiletter control sequences out of 15000+600000
 14465 words of font info for 62 fonts, out of 8000000 for 9000
 613 hyphenation exceptions out of 8191
 34i,14n,33p,1273b,387s stack positions out of 5000i,500n,10000p,200000b,80000s
</usr/share/texlive/texmf-dist/f
onts/type1/public/amsfonts/cm/cmbx10.pfb></usr/share/texlive/texmf-dist/fonts/t
ype1/public/amsfonts/cm/cmbx12.pfb></usr/share/texlive/texmf-dist/fonts/type1/p
ublic/amsfonts/cm/cmbx8.pfb></usr/share/texlive/texmf-dist/fonts/type1/public/a
msfonts/cm/cmcsc10.pfb></usr/share/texlive/texmf-dist/fonts/type1/public/amsfon
ts/cm/cmex10.pfb></usr/share/texlive/texmf-dist/fonts/type1/public/amsfonts/cm/
cmmi10.pfb></usr/share/texlive/texmf-dist/fonts/type1/public/amsfonts/cm/cmmi12
.pfb></usr/share/texlive/texmf-dist/fonts/type1/public/amsfonts/cm/cmmi5.pfb></
usr/share/texlive/texmf-dist/fonts/type1/public/amsfonts/cm/cmmi6.pfb></usr/sha
re/texlive/texmf-dist/fonts/type1/public/amsfonts/cm/cmmi7.pfb></usr/share/texl
ive/texmf-dist/fonts/type1/public/amsfonts/cm/cmmi8.pfb></usr/share/texlive/tex
mf-dist/fonts/type1/public/amsfonts/cm/cmr10.pfb></usr/share/texlive/texmf-dist
/fonts/type1/public/amsfonts/cm/cmr12.pfb></usr/share/texlive/texmf-dist/fonts/
type1/public/amsfonts/cm/cmr5.pfb></usr/share/texlive/texmf-dist/fonts/type1/pu
blic/amsfonts/cm/cmr6.pfb></usr/share/texlive/texmf-dist/fonts/type1/public/ams
fonts/cm/cmr7.pfb></usr/share/texlive/texmf-dist/fonts/type1/public/amsfonts/cm
/cmr8.pfb></usr/share/texlive/texmf-dist/fonts/type1/public/amsfonts/cm/cmsy10.
pfb></usr/share/texlive/texmf-dist/fonts/type1/public/amsfonts/cm/cmsy5.pfb></u
sr/share/texlive/texmf-dist/fonts/type1/public/amsfonts/cm/cmsy6.pfb></usr/shar
e/texlive/texmf-dist/fonts/type1/public/amsfonts/cm/cmsy7.pfb></usr/share/texli
ve/texmf-dist/fonts/type1/public/amsfonts/cm/cmsy8.pfb></usr/share/texlive/texm
f-dist/fonts/type1/public/amsfonts/cm/cmti10.pfb></usr/share/texlive/texmf-dist
/fonts/type1/public/amsfonts/cm/cmti8.pfb></usr/share/texlive/texmf-dist/fonts/
type1/public/amsfonts/cm/cmtt10.pfb></usr/share/texlive/texmf-dist/fonts/type1/
public/esint-type1/esint10.pfb></usr/share/texlive/texmf-dist/fonts/type1/publi
c/amsfonts/symbols/msam10.pfb></usr/share/texlive/texmf-dist/fonts/type1/public
/amsfonts/symbols/msbm10.pfb></usr/share/texlive/texmf-dist/fonts/type1/public/
amsfonts/symbols/msbm7.pfb></usr/share/texlive/texmf-dist/fonts/type1/public/rs
fs/rsfs10.pfb></usr/share/texlive/texmf-dist/fonts/type1/public/rsfs/rsfs5.pfb>
</usr/share/texlive/texmf-dist/fonts/type1/public/rsfs/rsfs7.pfb>
Output written on main.pdf (141 pages, 861606 bytes).
PDF statistics:
 588 PDF objects out of 1000 (max. 8388607)
 408 compressed objects within 5 object streams
 0 named destinations out of 1000 (max. 500000)
 1 words of extra memory for PDF output out of 10000 (max. 10000000)

